<?xml version="1.0" encoding="UTF-8"?>
<!-- Generated by org.testng.reporters.JUnitReportReporter -->
<testsuite hostname="H3G1X33" failures="0" tests="1" name="ParaBank_TestCases.BillTransaction" time="17.963" errors="0" timestamp="2021-08-01T12:51:48 IST" skipped="0">
  <testcase classname="ParaBank_TestCases.BillTransaction" name="ParaBank_BillPayTransaction" time="17.963"/>
  <system-out/>
</testsuite> <!-- ParaBank_TestCases.BillTransaction -->
