<?xml version="1.0" encoding="UTF-8"?>
<!-- Generated by org.testng.reporters.JUnitReportReporter -->
<testsuite hostname="H3G1X33" failures="0" tests="1" name="APITesting.getonly" time="1.375" errors="0" timestamp="2021-08-01T13:35:23 IST" skipped="0">
  <testcase classname="APITesting.getonly" name="Test_01" time="1.375"/>
  <system-out/>
</testsuite> <!-- APITesting.getonly -->
