<?xml version="1.0" encoding="UTF-8"?>
<!-- Generated by org.testng.reporters.JUnitReportReporter -->
<testsuite hostname="H3G1X33" failures="0" tests="1" name="ParaBank_TestCases.AccountCreationTest_Savings" time="21.603" errors="0" timestamp="2021-08-01T12:51:48 IST" skipped="0">
  <testcase classname="ParaBank_TestCases.AccountCreationTest_Savings" name="ParaBank_CustomerSavingsTypeCreation" time="21.603"/>
  <system-out/>
</testsuite> <!-- ParaBank_TestCases.AccountCreationTest_Savings -->
